[2025-10-11 18:54:48] Environment initialized
[2025-10-11 18:55:38] Environment initialized
[2025-10-11 18:56:27] Full cleanup performed
[2025-10-11 18:57:03] Environment initialized
[2025-10-11 18:57:36] Environment initialized
[2025-10-11 18:57:51] Environment initialized
[2025-10-11 18:58:12] Playground manager exited
[2025-10-11 19:01:04] Playground manager exited
[2025-10-11 19:01:04] Environment initialized
[2025-10-11 19:01:58] Environment initialized
[2025-10-11 19:01:59] Generated docker-compose.yml with services: "ubuntu-24"
[2025-10-11 19:02:00] Started containers: "ubuntu-24"
[2025-10-11 19:09:00] Entered container: ubuntu-24
[2025-10-11 20:34:50] Environment initialized
[2025-10-11 20:35:04] Generated docker-compose.yml with services: "nginx"
[2025-10-11 20:35:04] Started containers: "nginx"
[2025-10-11 20:35:19] Entered container: nginx
[2025-10-11 20:35:39] Environment initialized
[2025-10-11 20:36:09] Environment initialized
[2025-10-11 20:36:18] Generated docker-compose.yml with services: "arch"
[2025-10-11 20:36:33] Started containers: "arch"
[2025-10-11 20:36:54] Entered container: arch
[2025-10-11 20:37:55] Full cleanup performed
[2025-10-11 20:38:06] Generated docker-compose.yml with services: "alpine"
[2025-10-11 20:38:06] Started containers: "alpine"
[2025-10-11 20:38:15] Entered container: alpine
[2025-10-11 20:38:22] Playground manager exited
[2025-10-11 20:40:37] Environment initialized
[2025-10-11 20:45:10] Generated docker-compose.yml with services: "curl"
[2025-10-11 20:45:14] Started containers: "curl"
[2025-10-11 20:45:31] Entered container: curl
[2025-10-11 20:45:37] Generated docker-compose.yml with services: "curl"
[2025-10-11 20:45:47] Stopped containers: "curl"
[2025-10-11 20:47:54] Generated docker-compose.yml with services: "ubuntu-24"
[2025-10-11 20:47:54] Started containers: "ubuntu-24"
[2025-10-11 20:47:55] Playground manager exited
[2025-10-11 20:47:56] Environment initialized
[2025-10-11 20:52:59] Playground manager exited
[2025-10-11 20:53:00] Environment initialized
[2025-10-11 20:53:12] Playground manager exited
[2025-10-11 20:54:55] Environment initialized
[2025-10-11 20:54:59] Generated docker-compose.yml with services: "ubuntu-24" "arch"
[2025-10-11 20:54:59] Started containers: "ubuntu-24" "arch"
[2025-10-11 20:55:16] Entered container: arch
[2025-10-11 20:55:17] Playground manager exited
[2025-10-11 20:55:18] Environment initialized
[2025-10-11 20:57:08] Environment initialized
[2025-10-11 20:57:10] Playground manager exited
[2025-10-11 20:57:19] Environment initialized
[2025-10-11 21:00:18] Environment initialized. Shared directory: /home/manzolo/Scrivania/Temp/bash/docker-playground/shared-volumes
[2025-10-11 21:00:25] Generated docker-compose.yml with services: "ubuntu-24" "arch"
[2025-10-11 21:00:36] Stopped containers: "ubuntu-24" "arch"
[2025-10-11 21:00:43] Generated docker-compose.yml with services: "arch"
[2025-10-11 21:00:43] Started containers: "arch"
[2025-10-11 21:05:22] Environment initialized. Shared directory /home/manzolo/Scrivania/Temp/bash/docker-playground/shared-volumes is writable.
[2025-10-11 21:08:40] Environment initialized. Shared directory /home/manzolo/Scrivania/Temp/bash/docker-playground/shared-volumes is writable.
[2025-10-11 21:10:24] Generated docker-compose.yml with services: "ubuntu-24" "arch"
[2025-10-11 21:10:35] Stopped containers: "ubuntu-24" "arch"
[2025-10-11 21:10:39] Playground manager exited
[2025-10-11 21:10:40] Environment initialized. Shared directory /home/manzolo/Scrivania/Temp/bash/docker-playground/shared-volumes is writable.
[2025-10-11 21:10:47] Generated docker-compose.yml with services: "ubuntu-24" "alpine" "fedora"
[2025-10-11 21:10:55] Started containers: "ubuntu-24" "alpine" "fedora"
[2025-10-11 21:10:59] Attempting to enter container: fedora with command: /bin/bash
[2025-10-11 21:11:20] ERROR: Failed to enter fedora
[2025-10-11 21:11:20] Entered container: fedora
[2025-10-11 21:11:44] Restarted container: alpine
[2025-10-11 21:22:51] Playground manager exited
[2025-10-11 21:25:09] Environment initialized successfully
[2025-10-11 21:25:18] Environment initialized successfully
[2025-10-11 21:25:41] Entering container: alpine
[2025-10-11 21:25:41] ERROR: Failed to enter alpine
[2025-10-11 21:25:42] Exited container: alpine
[2025-10-11 21:26:29] Generated docker-compose.yml with services: "ubuntu-24"
[2025-10-11 21:26:40] Stopped containers: "ubuntu-24"
[2025-10-11 21:26:46] Generated docker-compose.yml with services: "ubuntu-24"
[2025-10-11 21:26:47] Started containers: "ubuntu-24"
[2025-10-11 21:27:14] Entering container: ubuntu-24
[2025-10-11 21:27:35] Exited container: ubuntu-24
[2025-10-11 21:28:07] Generated docker-compose.yml with services: "mysql-8"
[2025-10-11 21:28:27] Started containers: "mysql-8"
[2025-10-11 21:28:55] Entering container: mysql-8
[2025-10-11 21:29:02] Exited container: mysql-8
[2025-10-11 21:35:01] Entering container: mysql-8
[2025-10-11 21:35:02] Exited container: mysql-8
[2025-10-11 21:35:04] Playground manager exited
[2025-10-11 21:35:05] Environment initialized successfully
[2025-10-11 21:35:13] Environment initialized successfully
[2025-10-11 21:35:54] Generated docker-compose.yml with services: "ubuntu-24" "mysql-8"
[2025-10-11 21:36:04] Stopped containers: "ubuntu-24" "mysql-8"
[2025-10-11 21:36:27] Generated docker-compose.yml with services: "php-8.3"
[2025-10-11 21:36:41] Started containers from category programming: "php-8.3"
[2025-10-11 21:36:46] Entering container: php-8.3
[2025-10-11 21:36:52] Exited container: php-8.3
[2025-10-11 21:37:06] Entering container: alpine
[2025-10-11 21:37:06] ERROR: Failed to enter alpine
[2025-10-11 21:37:08] Exited container: alpine
[2025-10-11 21:40:01] Environment initialized successfully
[2025-10-11 21:40:13] Entering container: alpine
[2025-10-11 21:40:13] ERROR: Failed to enter alpine
[2025-10-11 21:40:14] Exited container: alpine
[2025-10-11 21:42:23] Playground manager exited
[2025-10-11 21:42:24] Environment initialized successfully
[2025-10-11 21:42:48] Entering container: alpine
[2025-10-11 21:42:48] ERROR: Failed to enter alpine
[2025-10-11 21:42:49] Exited container: alpine
[2025-10-11 21:43:03] Full cleanup performed
[2025-10-11 21:43:33] Generated docker-compose.yml with services: "ubuntu-24" "arch" "mysql-8"
[2025-10-11 21:43:33] Started containers: "ubuntu-24" "arch" "mysql-8"
[2025-10-11 21:43:37] Entering container: arch
[2025-10-11 21:43:38] Exited container: arch
[2025-10-11 21:43:39] Playground manager exited
[2025-10-11 21:43:40] Environment initialized successfully
[2025-10-11 21:43:45] Entering container: arch
[2025-10-11 21:43:46] Exited container: arch
[2025-10-11 21:45:02] Playground manager exited
[2025-10-11 21:45:03] Environment initialized successfully
[2025-10-11 21:45:14] Entering container: mysql-8
[2025-10-11 21:45:15] Exited container: mysql-8
[2025-10-11 21:45:23] Generated docker-compose.yml with services: "ubuntu-24" "arch" "mysql-8"
[2025-10-11 21:45:33] Stopped containers: "ubuntu-24" "arch" "mysql-8"
[2025-10-11 21:46:31] Generated docker-compose.yml with services: "arch"
[2025-10-11 21:46:31] Started containers: "arch"
[2025-10-11 21:46:40] Generated docker-compose.yml with services: "postgres-16"
[2025-10-11 21:46:40] Started containers from category database: "postgres-16"
[2025-10-11 21:46:55] Entering container: postgres-16
[2025-10-11 21:46:57] Exited container: postgres-16
[2025-10-11 21:48:56] Playground manager exited
[2025-10-11 21:48:57] Environment initialized successfully
[2025-10-11 21:49:37] Environment initialized successfully
